<?xml version="1.0" encoding="UTF-8"?>
<!-- Generated by org.testng.reporters.JUnitXMLReporter -->
<testsuite hostname="DESKTOP-DVUHKKB" ignored="0" name="Default test" tests="7" failures="0" timestamp="24 May 2021 15:18:44 GMT" time="0.111" errors="0">
  <testcase name="CreateCumtomer" time="0.015" classname="DemoPack.Custmer"/>
  <testcase name="createUser" time="0.001" classname="DemoPack.user"/>
  <testcase name="editUser" time="0.004" classname="DemoPack.user"/>
  <testcase name="CreateReport" time="0.002" classname="DemoPack.Report"/>
  <testcase name="deleteUser" time="0.001" classname="DemoPack.user"/>
  <testcase name="EditCumtomer" time="0.001" classname="DemoPack.Custmer"/>
  <testcase name="DeleteCumtomer" time="0.002" classname="DemoPack.Custmer"/>
</testsuite> <!-- Default test -->
